
Copyright (C) 1994-2019 Synopsys, Inc.
This Synopsys software and all associated documentation are proprietary to Synopsys, Inc.
and may only be used pursuant to the terms and conditions of a written license agreement
with Synopsys, Inc. All other use, reproduction, modification, or distribution of the
Synopsys software or the associated documentation is strictly prohibited.
Tool: Synplify Pro (R)
Build: P-2019.03G
Install: C:\Gowin\Gowin_V1.9.2.02Beta\SynplifyPro
OS: Windows 6.1

Hostname: EYE-02

Implementation : rev_1
Synopsys HDL compiler and linker, Version comp2019q1p1, Build 307R, Built Sep 25 2019 09:21:26

Modified Files: 22
FID:  path (prevtimestamp, timestamp)
11       C:\Gowin\Gowin_V1.9.2.02Beta\SynplifyPro\lib\generic\gw1n.v (N/A, 2019-09-26 01:52:32)
12       C:\Gowin\Gowin_V1.9.2.02Beta\SynplifyPro\lib\vlog\hypermods.v (N/A, 2019-09-26 00:18:26)
13       C:\Gowin\Gowin_V1.9.2.02Beta\SynplifyPro\lib\vlog\scemi_objects.v (N/A, 2019-09-26 00:18:26)
14       C:\Gowin\Gowin_V1.9.2.02Beta\SynplifyPro\lib\vlog\scemi_pipes.svh (N/A, 2019-09-26 00:18:26)
15       C:\Gowin\Gowin_V1.9.2.02Beta\SynplifyPro\lib\vlog\umr_capim.v (N/A, 2019-09-26 00:18:26)
0        D:\Program Files\Gowin\Gowin_V1.9.1.01Beta\SynplifyPro\lib\generic\gw1n.v (2019-03-21 13:46:02, N/A)
1        D:\Program Files\Gowin\Gowin_V1.9.1.01Beta\SynplifyPro\lib\vlog\hypermods.v (2019-03-13 00:06:40, N/A)
2        D:\Program Files\Gowin\Gowin_V1.9.1.01Beta\SynplifyPro\lib\vlog\scemi_objects.v (2019-03-13 00:06:40, N/A)
3        D:\Program Files\Gowin\Gowin_V1.9.1.01Beta\SynplifyPro\lib\vlog\scemi_pipes.svh (2019-03-13 00:06:40, N/A)
4        D:\Program Files\Gowin\Gowin_V1.9.1.01Beta\SynplifyPro\lib\vlog\umr_capim.v (2019-03-13 00:06:40, N/A)
16       E:\project_manager\Mini_eye_Board\gowin\course\course12_Seq_Det\Seq_Det\src\btn_deb.v (N/A, 2020-01-14 11:36:27)
17       E:\project_manager\Mini_eye_Board\gowin\course\course12_Seq_Det\Seq_Det\src\div_clk.v (N/A, 2020-01-14 11:37:00)
18       E:\project_manager\Mini_eye_Board\gowin\course\course12_Seq_Det\Seq_Det\src\key_control.v (N/A, 2020-01-14 11:37:36)
19       E:\project_manager\Mini_eye_Board\gowin\course\course12_Seq_Det\Seq_Det\src\seq_control.v (N/A, 2020-01-14 11:38:21)
20       E:\project_manager\Mini_eye_Board\gowin\course\course12_Seq_Det\Seq_Det\src\seq_det.v (N/A, 2019-09-19 14:34:50)
21       E:\project_manager\Mini_eye_Board\gowin\course\course12_Seq_Det\Seq_Det\src\top_seq_det.v (N/A, 2020-01-14 11:36:08)
5        F:\Gowin_course\edu\proj\Seq_Det\Seq_Det\src\btn_deb.v (2019-09-16 10:18:34, N/A)
6        F:\Gowin_course\edu\proj\Seq_Det\Seq_Det\src\div_clk.v (2019-09-16 22:02:52, N/A)
7        F:\Gowin_course\edu\proj\Seq_Det\Seq_Det\src\key_control.v (2019-09-19 11:38:30, N/A)
8        F:\Gowin_course\edu\proj\Seq_Det\Seq_Det\src\seq_control.v (2019-09-19 12:07:26, N/A)
9        F:\Gowin_course\edu\proj\Seq_Det\Seq_Det\src\seq_det.v (2019-09-19 14:34:50, N/A)
10       F:\Gowin_course\edu\proj\Seq_Det\Seq_Det\src\top_seq_det.v (2019-09-19 11:50:28, N/A)

*******************************************************************
Modules that may have changed as a result of file changes: 6
MID:  lib.cell.view
0        work.btn_deb.verilog may have changed because the following files changed:
                        E:\project_manager\Mini_eye_Board\gowin\course\course12_Seq_Det\Seq_Det\src\btn_deb.v (N/A, 2020-01-14 11:36:27) <-- (module definition)
                        E:\project_manager\Mini_eye_Board\gowin\course\course12_Seq_Det\Seq_Det\src\key_control.v (N/A, 2020-01-14 11:37:36) <-- (may instantiate this module)
                        E:\project_manager\Mini_eye_Board\gowin\course\course12_Seq_Det\Seq_Det\src\top_seq_det.v (N/A, 2020-01-14 11:36:08) <-- (may instantiate this module)
1        work.div_clk.verilog may have changed because the following files changed:
                        E:\project_manager\Mini_eye_Board\gowin\course\course12_Seq_Det\Seq_Det\src\div_clk.v (N/A, 2020-01-14 11:37:00) <-- (module definition)
                        E:\project_manager\Mini_eye_Board\gowin\course\course12_Seq_Det\Seq_Det\src\top_seq_det.v (N/A, 2020-01-14 11:36:08) <-- (may instantiate this module)
6        work.key_control.verilog may have changed because the following files changed:
                        E:\project_manager\Mini_eye_Board\gowin\course\course12_Seq_Det\Seq_Det\src\key_control.v (N/A, 2020-01-14 11:37:36) <-- (module definition)
                        E:\project_manager\Mini_eye_Board\gowin\course\course12_Seq_Det\Seq_Det\src\top_seq_det.v (N/A, 2020-01-14 11:36:08) <-- (may instantiate this module)
3        work.seq_control.verilog may have changed because the following files changed:
                        E:\project_manager\Mini_eye_Board\gowin\course\course12_Seq_Det\Seq_Det\src\seq_control.v (N/A, 2020-01-14 11:38:21) <-- (module definition)
                        E:\project_manager\Mini_eye_Board\gowin\course\course12_Seq_Det\Seq_Det\src\top_seq_det.v (N/A, 2020-01-14 11:36:08) <-- (may instantiate this module)
7        work.seq_det.verilog may have changed because the following files changed:
                        E:\project_manager\Mini_eye_Board\gowin\course\course12_Seq_Det\Seq_Det\src\seq_det.v (N/A, 2019-09-19 14:34:50) <-- (module definition)
                        E:\project_manager\Mini_eye_Board\gowin\course\course12_Seq_Det\Seq_Det\src\top_seq_det.v (N/A, 2020-01-14 11:36:08) <-- (may instantiate this module)
5        work.top_seq_det.verilog may have changed because the following files changed:
                        E:\project_manager\Mini_eye_Board\gowin\course\course12_Seq_Det\Seq_Det\src\top_seq_det.v (N/A, 2020-01-14 11:36:08) <-- (module definition)

*******************************************************************
Unmodified files: 0
FID:  path (timestamp)

*******************************************************************
Unchanged modules: 0
MID:  lib.cell.view
