One matching license found for this product: synplifypro_gowin

Starting:    C:\Gowin\Gowin_V1.9.5Beta\SynplifyPro\bin64\mbin\synbatch.exe
Install:     C:\Gowin\Gowin_V1.9.5Beta\SynplifyPro
Hostname:    EYE-06
Date:        Thu Apr  9 16:47:45 2020
Version:     P-2019.09G

Arguments:   -product synplify_pro -batch D:/BaiduNetdiskDownload/Runber_Gowin_Board_sourse/course_prj/course6_water_led/led_light/impl/synthesize/led_light.prj
ProductType: synplify_pro

License checkout: synplifypro_gowin
License: synplifypro_gowin node-locked 
Licensed Vendor: gowin

Running in Vendor Mode

Copied D:\BaiduNetdiskDownload\Runber_Gowin_Board_sourse\course_prj\course6_water_led\led_light\impl\synthesize\rev_1\led_light.srr to D:\BaiduNetdiskDownload\Runber_Gowin_Board_sourse\course_prj\course6_water_led\led_light\impl\synthesize\rev_1\backup\led_light.srr
log file: "D:\BaiduNetdiskDownload\Runber_Gowin_Board_sourse\course_prj\course6_water_led\led_light\impl\synthesize\rev_1\led_light.srr"
Running: rev_1 in foreground

Running led_light|rev_1

Running Flow: compile (Compile) on led_light|rev_1
# Thu Apr  9 16:47:48 2020

Running Flow: compile_flow (Compile Process) on led_light|rev_1
# Thu Apr  9 16:47:48 2020

Running: compiler (Compile Input) on led_light|rev_1
# Thu Apr  9 16:47:48 2020
Copied D:\BaiduNetdiskDownload\Runber_Gowin_Board_sourse\course_prj\course6_water_led\led_light\impl\synthesize\rev_1\synwork\led_light_comp.srs to D:\BaiduNetdiskDownload\Runber_Gowin_Board_sourse\course_prj\course6_water_led\led_light\impl\synthesize\rev_1\led_light.srs

compiler completed
# Thu Apr  9 16:47:59 2020

Return Code: 0
Run Time:00h:00m:11s

Running: multi_srs_gen (Multi-srs Generator) on led_light|rev_1
# Thu Apr  9 16:47:59 2020

multi_srs_gen completed
# Thu Apr  9 16:48:01 2020

Return Code: 0
Run Time:00h:00m:02s
Copied D:\BaiduNetdiskDownload\Runber_Gowin_Board_sourse\course_prj\course6_water_led\led_light\impl\synthesize\rev_1\synwork\led_light_mult.srs to D:\BaiduNetdiskDownload\Runber_Gowin_Board_sourse\course_prj\course6_water_led\led_light\impl\synthesize\rev_1\led_light.srs
Complete: Compile Process on led_light|rev_1

Running: premap (Premap) on led_light|rev_1
# Thu Apr  9 16:48:02 2020

premap completed with warnings
# Thu Apr  9 16:48:15 2020

Return Code: 1
Run Time:00h:00m:13s
Complete: Compile on led_light|rev_1

Running Flow: map (Map) on led_light|rev_1
# Thu Apr  9 16:48:16 2020

Running: fpga_mapper (Map & Optimize) on led_light|rev_1
# Thu Apr  9 16:48:16 2020
Copied D:\BaiduNetdiskDownload\Runber_Gowin_Board_sourse\course_prj\course6_water_led\led_light\impl\synthesize\rev_1\synwork\led_light_m.srm to D:\BaiduNetdiskDownload\Runber_Gowin_Board_sourse\course_prj\course6_water_led\led_light\impl\synthesize\rev_1\led_light.srm

fpga_mapper completed with warnings
# Thu Apr  9 16:48:32 2020

Return Code: 1
Run Time:00h:00m:16s
Complete: Map on led_light|rev_1
Complete: Logic Synthesis on led_light|rev_1
exit status=0
exit status=0
License checkin: synplifypro_gowin
