
Copyright (C) 1994-2019 Synopsys, Inc.
This Synopsys software and all associated documentation are proprietary to Synopsys, Inc.
and may only be used pursuant to the terms and conditions of a written license agreement
with Synopsys, Inc. All other use, reproduction, modification, or distribution of the
Synopsys software or the associated documentation is strictly prohibited.
Tool: Synplify Pro (R)
Build: P-2019.03G
Install: C:\Gowin\Gowin_V1.9.2.02Beta\SynplifyPro
OS: Windows 6.1

Hostname: EYE-02

Implementation : rev_1

# Written on Fri Jul 10 10:18:12 2020

##### DESIGN INFO #######################################################

Top View:                "top_freq"
Constraint File(s):      (none)




##### SUMMARY ############################################################

Found 0 issues in 0 out of 0 constraints


##### DETAILS ############################################################



Clock Relationships
*******************

Starting                                    Ending                                      |     rise to rise     |     fall to fall     |     rise to fall     |     fall to rise                     
---------------------------------------------------------------------------------------------------------------------------------------------------------------------------------------------------
top_freq|clk                                top_freq|clk                                |     10.000           |     No paths         |     No paths         |     No paths                         
top_freq|clk                                div_clk_12000000_120|flag_derived_clock     |     10.000           |     No paths         |     No paths         |     No paths                         
div_clk_12000000_120|flag_derived_clock     div_clk_12000000_120|flag_derived_clock     |     10.000           |     No paths         |     No paths         |     No paths                         
freq_test|flag_derived_clock                top_freq|clk                                |     10.000           |     No paths         |     No paths         |     No paths                         
freq_test|flag_derived_clock                freq_test|flag_derived_clock                |     10.000           |     No paths         |     No paths         |     No paths                         
===================================================================================================================================================================================================
 Note: 'No paths' indicates there are no paths in the design for that pair of clock edges.
       'Diff grp' indicates that paths exist but the starting clock and ending clock are in different clock groups.


Unconstrained Start/End Points
******************************

p:dig[0]
p:dig[1]
p:dig[2]
p:dig[3]
p:key
p:smg[0]
p:smg[1]
p:smg[2]
p:smg[3]
p:smg[4]
p:smg[5]
p:smg[6]
p:smg[7]


Inapplicable constraints
************************

(none)


Applicable constraints with issues
**********************************

(none)


Constraints with matching wildcard expressions
**********************************************

(none)


Library Report
**************


# End of Constraint Checker Report
