
Copyright (C) 1994-2019 Synopsys, Inc.
This Synopsys software and all associated documentation are proprietary to Synopsys, Inc.
and may only be used pursuant to the terms and conditions of a written license agreement
with Synopsys, Inc. All other use, reproduction, modification, or distribution of the
Synopsys software or the associated documentation is strictly prohibited.
Tool: Synplify Pro (R)
Build: O-2018.09G-SP1-1-Beta1
Install: E:\Gowin\Gowin_V1.9.1.01Beta\SynplifyPro
OS: Windows 6.1

Hostname: ADMIN-PC

Implementation : rev_1

# Written on Mon Aug 26 18:59:32 2019

##### FILES SYNTAX CHECKED ##############################################
Constraint File(s):      (none)

#Run constraint checker to find more issues with constraints.
#########################################################################



No issues found in constraint syntax.



Clock Summary
*************

          Start                 Requested     Requested     Clock        Clock                     Clock
Level     Clock                 Frequency     Period        Type         Group                     Load 
--------------------------------------------------------------------------------------------------------
0 -       ao_top|control[0]     164.5 MHz     6.078         inferred     Autoconstr_clkgroup_1     136  
                                                                                                        
0 -       ao_top|clk_i          240.4 MHz     4.160         inferred     Autoconstr_clkgroup_0     36   
========================================================================================================


Clock Load Summary
******************

                      Clock     Source               Clock Pin                 Non-clock Pin     Non-clock Pin       
Clock                 Load      Pin                  Seq Example               Seq Example       Comb Example        
---------------------------------------------------------------------------------------------------------------------
ao_top|control[0]     136       control[0](port)     data_register[33:0].C     -                 -                   
                                                                                                                     
ao_top|clk_i          36        clk_i(port)          rst_ao.C                  -                 clk_ao.I[0](keepbuf)
=====================================================================================================================
