One matching license found for this product: synplifypro_gowin
NOTE:  This version of the software is not a production release. No warranty is made as to the general availability of features and functionality included in this version or described in the accompanying documentation. The final contents of a production release and its timing remain at the sole discretion of Synopsys.

Starting:    E:\Gowin\Gowin_V1.9.1.01Beta\SynplifyPro\bin64\mbin\synbatch.exe
Install:     E:\Gowin\Gowin_V1.9.1.01Beta\SynplifyPro
Hostname:    ADMIN-PC
Date:        Mon Aug 26 18:59:25 2019
Version:     O-2018.09G-SP1-1-Beta1

Arguments:   -product synplify_pro -batch H:/Eye_Image_Transmit/trunk/HardWare/Gowin_board/cource/Verilog/uart_gowin_prj/temp/gao/ao_0/ao_0.prj
ProductType: synplify_pro

License checkout: synplifypro_gowin
License: synplifypro_gowin node-locked 
Licensed Vendor: gowin

Running in Vendor Mode

log file: "H:\Eye_Image_Transmit\trunk\HardWare\Gowin_board\cource\Verilog\uart_gowin_prj\temp\gao\ao_0\rev_1\ao_0.srr"
Running: rev_1 in foreground

Running ao_0|rev_1

Running Flow: compile (Compile) on ao_0|rev_1
# Mon Aug 26 18:59:26 2019

Running Flow: compile_flow (Compile Process) on ao_0|rev_1
# Mon Aug 26 18:59:26 2019

Running: compiler (Compile Input) on ao_0|rev_1
# Mon Aug 26 18:59:26 2019
Copied H:\Eye_Image_Transmit\trunk\HardWare\Gowin_board\cource\Verilog\uart_gowin_prj\temp\gao\ao_0\rev_1\synwork\ao_0_comp.srs to H:\Eye_Image_Transmit\trunk\HardWare\Gowin_board\cource\Verilog\uart_gowin_prj\temp\gao\ao_0\rev_1\ao_0.srs

compiler completed
# Mon Aug 26 18:59:30 2019

Return Code: 0
Run Time:00h:00m:04s

Running: multi_srs_gen (Multi-srs Generator) on ao_0|rev_1
# Mon Aug 26 18:59:30 2019

multi_srs_gen completed
# Mon Aug 26 18:59:31 2019

Return Code: 0
Run Time:00h:00m:01s
Copied H:\Eye_Image_Transmit\trunk\HardWare\Gowin_board\cource\Verilog\uart_gowin_prj\temp\gao\ao_0\rev_1\synwork\ao_0_mult.srs to H:\Eye_Image_Transmit\trunk\HardWare\Gowin_board\cource\Verilog\uart_gowin_prj\temp\gao\ao_0\rev_1\ao_0.srs
Complete: Compile Process on ao_0|rev_1

Running: premap (Premap) on ao_0|rev_1
# Mon Aug 26 18:59:31 2019

premap completed
# Mon Aug 26 18:59:34 2019

Return Code: 0
Run Time:00h:00m:03s
Complete: Compile on ao_0|rev_1

Running Flow: map (Map) on ao_0|rev_1
# Mon Aug 26 18:59:34 2019

Running: fpga_mapper (Map & Optimize) on ao_0|rev_1
# Mon Aug 26 18:59:34 2019
Copied H:\Eye_Image_Transmit\trunk\HardWare\Gowin_board\cource\Verilog\uart_gowin_prj\temp\gao\ao_0\rev_1\synwork\ao_0_m.srm to H:\Eye_Image_Transmit\trunk\HardWare\Gowin_board\cource\Verilog\uart_gowin_prj\temp\gao\ao_0\rev_1\ao_0.srm

fpga_mapper completed with warnings
# Mon Aug 26 18:59:40 2019

Return Code: 1
Run Time:00h:00m:06s
Complete: Map on ao_0|rev_1
Complete: Logic Synthesis on ao_0|rev_1
exit status=0
exit status=0
License checkin: synplifypro_gowin
