---------------------------------------
Resource Usage Report for ao_top 

Mapping to part: gw1n_4blqfp144-6
Cell usage:
ALU             38 uses
DFFC            16 uses
DFFCE           121 uses
DFFNP           2 uses
DFFP            2 uses
GSR             1 use
INV             2 uses
SDPX9           2 uses
LUT2            34 uses
LUT3            40 uses
LUT4            72 uses

I/O ports: 24
I/O primitives: 24
IBUF           22 uses
OBUF           2 uses

I/O Register bits:                  0
Register bits not including I/Os:   141 of 3456 (4%)

RAM/ROM usage summary
Block Rams : 2 of 10 (20%)


@S |Mapping Summary:
Total  LUTs: 146 (3%)

