
Copyright (C) 1994-2019 Synopsys, Inc.
This Synopsys software and all associated documentation are proprietary to Synopsys, Inc.
and may only be used pursuant to the terms and conditions of a written license agreement
with Synopsys, Inc. All other use, reproduction, modification, or distribution of the
Synopsys software or the associated documentation is strictly prohibited.
Tool: Synplify Pro (R)
Build: P-2019.03G
Install: C:\Gowin\Gowin_V1.9.2.02Beta\SynplifyPro
OS: Windows 6.1

Hostname: EYE-02

Implementation : rev_1

# Written on Tue Jan  7 15:11:28 2020

##### DESIGN INFO #######################################################

Top View:                "uart_top"
Constraint File(s):      (none)




##### SUMMARY ############################################################

Found 0 issues in 0 out of 0 constraints


##### DETAILS ############################################################



Clock Relationships
*******************

Starting     Ending     |     rise to rise     |     fall to fall     |     rise to fall     |     fall to rise                     
-----------------------------------------------------------------------------------------------------------------------------------
System       System     |     5.745            |     No paths         |     No paths         |     No paths                         
===================================================================================================================================
 Note: 'No paths' indicates there are no paths in the design for that pair of clock edges.
       'Diff grp' indicates that paths exist but the starting clock and ending clock are in different clock groups.


Unconstrained Start/End Points
******************************

p:led[0]
p:led[1]
p:led[2]
p:led[3]
p:led[4]
p:led[5]
p:led[6]
p:led[7]
p:rstn
p:uart_rx
p:uart_tx


Inapplicable constraints
************************

(none)


Applicable constraints with issues
**********************************

(none)


Constraints with matching wildcard expressions
**********************************************

(none)


Library Report
**************


# End of Constraint Checker Report
