
Copyright (C) 1994-2020 Synopsys, Inc.
This Synopsys software and all associated documentation are proprietary to Synopsys, Inc.
and may only be used pursuant to the terms and conditions of a written license agreement
with Synopsys, Inc. All other use, reproduction, modification, or distribution of the
Synopsys software or the associated documentation is strictly prohibited.
Tool: Synplify Pro (R)
Build: P-2019.09G
Install: C:\Gowin\Gowin_V1.9.5Beta\SynplifyPro
OS: Windows 6.2

Hostname: EYE-06

Implementation : rev_1
Synopsys HDL compiler and linker, Version comp2019q3p1, Build 286R, Built Feb 28 2020 09:59:15

Modified Files: 0
FID:  path (prevtimestamp, timestamp)

*******************************************************************
Modules that may have changed as a result of file changes: 0
MID:  lib.cell.view

*******************************************************************
Unmodified files: 12
FID:  path (timestamp)
24       C:\Gowin\Gowin_V1.9.5Beta\SynplifyPro\lib\generic\gw1n.v (2020-02-29 04:17:12)
25       C:\Gowin\Gowin_V1.9.5Beta\SynplifyPro\lib\vlog\hypermods.v (2020-02-29 04:19:08)
26       C:\Gowin\Gowin_V1.9.5Beta\SynplifyPro\lib\vlog\scemi_objects.v (2020-02-29 04:19:08)
27       C:\Gowin\Gowin_V1.9.5Beta\SynplifyPro\lib\vlog\scemi_pipes.svh (2020-02-29 04:19:08)
28       C:\Gowin\Gowin_V1.9.5Beta\SynplifyPro\lib\vlog\umr_capim.v (2020-02-29 04:19:08)
29       D:\BaiduNetdiskDownload\Runber_Gowin_Board_sourse\course_prj\course13_Lock\lock\src\btn_deb.v (2020-02-24 19:24:51)
30       D:\BaiduNetdiskDownload\Runber_Gowin_Board_sourse\course_prj\course13_Lock\lock\src\compare.v (2019-09-23 10:17:03)
31       D:\BaiduNetdiskDownload\Runber_Gowin_Board_sourse\course_prj\course13_Lock\lock\src\div_clk.v (2020-02-24 19:24:51)
32       D:\BaiduNetdiskDownload\Runber_Gowin_Board_sourse\course_prj\course13_Lock\lock\src\key_ctl.v (2019-09-23 10:02:57)
33       D:\BaiduNetdiskDownload\Runber_Gowin_Board_sourse\course_prj\course13_Lock\lock\src\lock_top.v (2019-09-23 10:25:25)
34       D:\BaiduNetdiskDownload\Runber_Gowin_Board_sourse\course_prj\course13_Lock\lock\src\seq_control.v (2020-02-24 19:24:51)
35       D:\BaiduNetdiskDownload\Runber_Gowin_Board_sourse\course_prj\course13_Lock\lock\src\seq_display.v (2019-09-23 10:27:46)

*******************************************************************
Unchanged modules: 7
MID:  lib.cell.view
0        work.btn_deb.verilog
1        work.compare.verilog
2        work.div_clk.verilog
3        work.key_ctl.verilog
4        work.lock_top.verilog
5        work.seq_control.verilog
6        work.seq_display.verilog
