One matching license found for this product: synplifypro_gowin

Starting:    C:\Gowin\Gowin_V1.9.5Beta\SynplifyPro\bin64\mbin\synbatch.exe
Install:     C:\Gowin\Gowin_V1.9.5Beta\SynplifyPro
Hostname:    EYE-06
Date:        Wed May 13 11:25:31 2020
Version:     P-2019.09G

Arguments:   -product synplify_pro -batch D:/BaiduNetdiskDownload/Runber_Gowin_Board_sourse/course_prj/course10_seg2/SEG_2/impl/synthesize/SEG_2.prj
ProductType: synplify_pro

License checkout: synplifypro_gowin
License: synplifypro_gowin node-locked 
Licensed Vendor: gowin

Running in Vendor Mode

log file: "D:\BaiduNetdiskDownload\Runber_Gowin_Board_sourse\course_prj\course10_seg2\SEG_2\impl\synthesize\rev_1\SEG_2.srr"
Running: rev_1 in foreground

Running SEG_2|rev_1

Running Flow: compile (Compile) on SEG_2|rev_1
# Wed May 13 11:25:34 2020

Running Flow: compile_flow (Compile Process) on SEG_2|rev_1
# Wed May 13 11:25:34 2020

Running: compiler (Compile Input) on SEG_2|rev_1
# Wed May 13 11:25:34 2020
Copied D:\BaiduNetdiskDownload\Runber_Gowin_Board_sourse\course_prj\course10_seg2\SEG_2\impl\synthesize\rev_1\synwork\SEG_2_comp.srs to D:\BaiduNetdiskDownload\Runber_Gowin_Board_sourse\course_prj\course10_seg2\SEG_2\impl\synthesize\rev_1\SEG_2.srs

compiler completed
# Wed May 13 11:25:43 2020

Return Code: 0
Run Time:00h:00m:09s

Running: multi_srs_gen (Multi-srs Generator) on SEG_2|rev_1
# Wed May 13 11:25:43 2020

multi_srs_gen completed
# Wed May 13 11:25:45 2020

Return Code: 0
Run Time:00h:00m:02s
Copied D:\BaiduNetdiskDownload\Runber_Gowin_Board_sourse\course_prj\course10_seg2\SEG_2\impl\synthesize\rev_1\synwork\SEG_2_mult.srs to D:\BaiduNetdiskDownload\Runber_Gowin_Board_sourse\course_prj\course10_seg2\SEG_2\impl\synthesize\rev_1\SEG_2.srs
Complete: Compile Process on SEG_2|rev_1

Running: premap (Premap) on SEG_2|rev_1
# Wed May 13 11:25:45 2020

premap completed with warnings
# Wed May 13 11:25:58 2020

Return Code: 1
Run Time:00h:00m:13s
Complete: Compile on SEG_2|rev_1

Running Flow: map (Map) on SEG_2|rev_1
# Wed May 13 11:25:59 2020

Running: fpga_mapper (Map & Optimize) on SEG_2|rev_1
# Wed May 13 11:25:59 2020
Copied D:\BaiduNetdiskDownload\Runber_Gowin_Board_sourse\course_prj\course10_seg2\SEG_2\impl\synthesize\rev_1\synwork\SEG_2_m.srm to D:\BaiduNetdiskDownload\Runber_Gowin_Board_sourse\course_prj\course10_seg2\SEG_2\impl\synthesize\rev_1\SEG_2.srm

fpga_mapper completed with warnings
# Wed May 13 11:26:18 2020

Return Code: 1
Run Time:00h:00m:19s
Complete: Map on SEG_2|rev_1
Complete: Logic Synthesis on SEG_2|rev_1
exit status=0
exit status=0
License checkin: synplifypro_gowin
