
Copyright (C) 1994-2019 Synopsys, Inc.
This Synopsys software and all associated documentation are proprietary to Synopsys, Inc.
and may only be used pursuant to the terms and conditions of a written license agreement
with Synopsys, Inc. All other use, reproduction, modification, or distribution of the
Synopsys software or the associated documentation is strictly prohibited.
Tool: Synplify Pro (R)
Build: O-2018.09G-SP1-1-Beta1
Install: E:\Gowin\Gowin_V1.9.1.01Beta\SynplifyPro
OS: Windows 6.1

Hostname: ADMIN-PC

Implementation : rev_1

# Written on Mon Aug 26 18:59:15 2019

##### FILES SYNTAX CHECKED ##############################################
Constraint File(s):      (none)

#Run constraint checker to find more issues with constraints.
#########################################################################



No issues found in constraint syntax.



Clock Summary
*************

          Start      Requested      Requested     Clock      Clock               Clock
Level     Clock      Frequency      Period        Type       Group               Load 
--------------------------------------------------------------------------------------
0 -       System     1123.1 MHz     0.890         system     system_clkgroup     14   
======================================================================================


Clock Load Summary
******************

           Clock     Source     Clock Pin                        Non-clock Pin     Non-clock Pin
Clock      Load      Pin        Seq Example                      Seq Example       Comb Example 
------------------------------------------------------------------------------------------------
System     14        -          shift_dr_capture_dr_dly[0].C     -                 -            
================================================================================================
