
Copyright (C) 1994-2020 Synopsys, Inc.
This Synopsys software and all associated documentation are proprietary to Synopsys, Inc.
and may only be used pursuant to the terms and conditions of a written license agreement
with Synopsys, Inc. All other use, reproduction, modification, or distribution of the
Synopsys software or the associated documentation is strictly prohibited.
Tool: Synplify Pro (R)
Build: P-2019.09G
Install: C:\Gowin\Gowin_V1.9.5Beta\SynplifyPro
OS: Windows 6.2

Hostname: EYE-06

Implementation : rev_1
Synopsys HDL compiler and linker, Version comp2019q3p1, Build 286R, Built Feb 28 2020 09:59:15

Modified Files: 0
FID:  path (prevtimestamp, timestamp)

*******************************************************************
Modules that may have changed as a result of file changes: 0
MID:  lib.cell.view

*******************************************************************
Unmodified files: 8
FID:  path (timestamp)
8        C:\Gowin\Gowin_V1.9.5Beta\SynplifyPro\lib\generic\gw1n.v (2020-02-29 04:17:12)
9        C:\Gowin\Gowin_V1.9.5Beta\SynplifyPro\lib\vlog\hypermods.v (2020-02-29 04:19:08)
10       C:\Gowin\Gowin_V1.9.5Beta\SynplifyPro\lib\vlog\scemi_objects.v (2020-02-29 04:19:08)
11       C:\Gowin\Gowin_V1.9.5Beta\SynplifyPro\lib\vlog\scemi_pipes.svh (2020-02-29 04:19:08)
12       C:\Gowin\Gowin_V1.9.5Beta\SynplifyPro\lib\vlog\umr_capim.v (2020-02-29 04:19:08)
13       D:\BaiduNetdiskDownload\Runber_Gowin_Board_sourse\course_prj\course9_seg1\course9_seg1\SEG_1\src\div_clk.v (2020-01-07 11:54:22)
14       D:\BaiduNetdiskDownload\Runber_Gowin_Board_sourse\course_prj\course9_seg1\course9_seg1\SEG_1\src\pll\pll.v (2020-01-07 14:13:02)
15       D:\BaiduNetdiskDownload\Runber_Gowin_Board_sourse\course_prj\course9_seg1\course9_seg1\SEG_1\src\top_seq.v (2020-01-07 14:13:52)

*******************************************************************
Unchanged modules: 3
MID:  lib.cell.view
0        work.div_clk.verilog
2        work.pll.verilog
1        work.top_seq.verilog
