One matching license found for this product: synplifypro_gowin

Starting:    C:\Gowin\Gowin_V1.9.2.02Beta\SynplifyPro\bin64\mbin\synbatch.exe
Install:     C:\Gowin\Gowin_V1.9.2.02Beta\SynplifyPro
Hostname:    EYE-02
Date:        Tue Jan 14 11:40:31 2020
Version:     P-2019.03G

Arguments:   -product synplify_pro -batch E:/project_manager/Mini_eye_Board/gowin/course/course12_Seq_Det/Seq_Det/impl/synthesize/Seq_Det.prj
ProductType: synplify_pro

License checkout: synplifypro_gowin
License: synplifypro_gowin node-locked 
Licensed Vendor: gowin

Running in Vendor Mode

log file: "E:\project_manager\Mini_eye_Board\gowin\course\course12_Seq_Det\Seq_Det\impl\synthesize\rev_1\Seq_Det.srr"
Running: rev_1 in foreground

Running Seq_Det|rev_1

Running Flow: compile (Compile) on Seq_Det|rev_1
# Tue Jan 14 11:40:31 2020

Running Flow: compile_flow (Compile Process) on Seq_Det|rev_1
# Tue Jan 14 11:40:31 2020

Running: compiler (Compile Input) on Seq_Det|rev_1
# Tue Jan 14 11:40:31 2020
Copied E:\project_manager\Mini_eye_Board\gowin\course\course12_Seq_Det\Seq_Det\impl\synthesize\rev_1\synwork\Seq_Det_comp.srs to E:\project_manager\Mini_eye_Board\gowin\course\course12_Seq_Det\Seq_Det\impl\synthesize\rev_1\Seq_Det.srs

compiler completed
# Tue Jan 14 11:40:34 2020

Return Code: 0
Run Time:00h:00m:03s

Running: multi_srs_gen (Multi-srs Generator) on Seq_Det|rev_1
# Tue Jan 14 11:40:34 2020

multi_srs_gen completed
# Tue Jan 14 11:40:35 2020

Return Code: 0
Run Time:00h:00m:01s
Copied E:\project_manager\Mini_eye_Board\gowin\course\course12_Seq_Det\Seq_Det\impl\synthesize\rev_1\synwork\Seq_Det_mult.srs to E:\project_manager\Mini_eye_Board\gowin\course\course12_Seq_Det\Seq_Det\impl\synthesize\rev_1\Seq_Det.srs
Complete: Compile Process on Seq_Det|rev_1

Running: premap (Premap) on Seq_Det|rev_1
# Tue Jan 14 11:40:35 2020

premap completed with warnings
# Tue Jan 14 11:40:37 2020

Return Code: 1
Run Time:00h:00m:02s
Complete: Compile on Seq_Det|rev_1

Running Flow: map (Map) on Seq_Det|rev_1
# Tue Jan 14 11:40:37 2020

Running: fpga_mapper (Map & Optimize) on Seq_Det|rev_1
# Tue Jan 14 11:40:37 2020
Copied E:\project_manager\Mini_eye_Board\gowin\course\course12_Seq_Det\Seq_Det\impl\synthesize\rev_1\synwork\Seq_Det_m.srm to E:\project_manager\Mini_eye_Board\gowin\course\course12_Seq_Det\Seq_Det\impl\synthesize\rev_1\Seq_Det.srm

fpga_mapper completed with warnings
# Tue Jan 14 11:40:42 2020

Return Code: 1
Run Time:00h:00m:05s
Complete: Map on Seq_Det|rev_1
Complete: Logic Synthesis on Seq_Det|rev_1
exit status=0
exit status=0
License checkin: synplifypro_gowin
